<?xml version="1.0" encoding="UTF-8"?>
<!-- Generated by org.testng.reporters.JUnitReportReporter -->
<testsuite skipped="0" hostname="TsingxudeMacBook-Pro.local" name="com.tsingxu.DataProviderTest" tests="3" failures="0" timestamp="2020-04-08T09:21:19 CST" time="0.004" errors="0">
  <testcase name="test" time="0.003" classname="com.tsingxu.DataProviderTest"/>
  <testcase name="test" time="0.000" classname="com.tsingxu.DataProviderTest"/>
  <testcase name="test" time="0.001" classname="com.tsingxu.DataProviderTest"/>
</testsuite> <!-- com.tsingxu.DataProviderTest -->
