<?xml version="1.0" encoding="UTF-8"?>
<!-- Generated by org.testng.reporters.JUnitReportReporter -->
<testsuite skipped="0" hostname="TsingxudeMacBook-Pro.local" name="com.tsingxu.GroupAnnotation" tests="1" failures="0" timestamp="2020-04-08T09:21:19 CST" time="0.005" errors="0">
  <testcase name="testA1" time="0.005" classname="com.tsingxu.GroupAnnotation"/>
</testsuite> <!-- com.tsingxu.GroupAnnotation -->
